# JRE version: OpenJDK Runtime Environment (8.0_212) (build 1.8.0_212-release-1586-b4-5784211)
# Java VM: OpenJDK 64-Bit Server VM (25.212-b4-5784211 mixed mode linux-amd64 compressed oops)
Heap:
 PSYoungGen      total 342016K, used 39397K [0x00000000e0000000, 0x00000000f8000000, 0x0000000100000000)
  eden space 302592K, 0% used [0x00000000e0000000,0x00000000e0000000,0x00000000f2780000)
  from space 39424K, 99% used [0x00000000f2780000,0x00000000f4df9788,0x00000000f4e00000)
  to   space 21504K, 0% used [0x00000000f4e00000,0x00000000f4e00000,0x00000000f6300000)
 ParOldGen       total 173568K, used 173255K [0x00000000a0000000, 0x00000000aa980000, 0x00000000e0000000)
  object space 173568K, 99% used [0x00000000a0000000,0x00000000aa931d58,0x00000000aa980000)
 Metaspace       used 67366K, capacity 69716K, committed 69976K, reserved 1110016K
  class space    used 8989K, capacity 9531K, committed 9600K, reserved 1048576K
GC Heap History (10 events):
Event: 8,697 GC heap after
Heap after GC invocations=11 (full 2):
 PSYoungGen      total 156160K, used 12259K [0x00000000e0000000, 0x00000000ef200000, 0x0000000100000000)
  eden space 143872K, 0% used [0x00000000e0000000,0x00000000e0000000,0x00000000e8c80000)
  from space 12288K, 99% used [0x00000000e8c80000,0x00000000e9878de0,0x00000000e9880000)
  to   space 14336K, 0% used [0x00000000ee400000,0x00000000ee400000,0x00000000ef200000)
 ParOldGen       total 74752K, used 18885K [0x00000000a0000000, 0x00000000a4900000, 0x00000000e0000000)
  object space 74752K, 25% used [0x00000000a0000000,0x00000000a1271508,0x00000000a4900000)
 Metaspace       used 42092K, capacity 43072K, committed 43224K, reserved 1087488K
  class space    used 5777K, capacity 6099K, committed 6144K, reserved 1048576K
}
Event: 10,215 GC heap before
{Heap before GC invocations=12 (full 2):
 PSYoungGen      total 156160K, used 156131K [0x00000000e0000000, 0x00000000ef200000, 0x0000000100000000)
  eden space 143872K, 100% used [0x00000000e0000000,0x00000000e8c80000,0x00000000e8c80000)
  from space 12288K, 99% used [0x00000000e8c80000,0x00000000e9878de0,0x00000000e9880000)
  to   space 14336K, 0% used [0x00000000ee400000,0x00000000ee400000,0x00000000ef200000)
 ParOldGen       total 74752K, used 18885K [0x00000000a0000000, 0x00000000a4900000, 0x00000000e0000000)
  object space 74752K, 25% used [0x00000000a0000000,0x00000000a1271508,0x00000000a4900000)
 Metaspace       used 46467K, capacity 47550K, committed 47832K, reserved 1091584K
  class space    used 6278K, capacity 6618K, committed 6656K, reserved 1048576K
Event: 10,231 GC heap after
Heap after GC invocations=12 (full 2):
 PSYoungGen      total 230912K, used 14307K [0x00000000e0000000, 0x00000000ef280000, 0x0000000100000000)
  eden space 216576K, 0% used [0x00000000e0000000,0x00000000e0000000,0x00000000ed380000)
  from space 14336K, 99% used [0x00000000ee400000,0x00000000ef1f8fb8,0x00000000ef200000)
  to   space 15872K, 0% used [0x00000000ed380000,0x00000000ed380000,0x00000000ee300000)
 ParOldGen       total 74752K, used 19379K [0x00000000a0000000, 0x00000000a4900000, 0x00000000e0000000)
  object space 74752K, 25% used [0x00000000a0000000,0x00000000a12ecfd0,0x00000000a4900000)
 Metaspace       used 46467K, capacity 47550K, committed 47832K, reserved 1091584K
  class space    used 6278K, capacity 6618K, committed 6656K, reserved 1048576K
}
Event: 13,689 GC heap before
{Heap before GC invocations=13 (full 2):
 PSYoungGen      total 230912K, used 182552K [0x00000000e0000000, 0x00000000ef280000, 0x0000000100000000)
  eden space 216576K, 77% used [0x00000000e0000000,0x00000000ea44d1c8,0x00000000ed380000)
  from space 14336K, 99% used [0x00000000ee400000,0x00000000ef1f8fb8,0x00000000ef200000)
  to   space 15872K, 0% used [0x00000000ed380000,0x00000000ed380000,0x00000000ee300000)
 ParOldGen       total 74752K, used 19379K [0x00000000a0000000, 0x00000000a4900000, 0x00000000e0000000)
  object space 74752K, 25% used [0x00000000a0000000,0x00000000a12ecfd0,0x00000000a4900000)
 Metaspace       used 57161K, capacity 58802K, committed 58968K, reserved 1099776K
  class space    used 7773K, capacity 8202K, committed 8320K, reserved 1048576K
Event: 13,731 GC heap after
Heap after GC invocations=13 (full 2):
 PSYoungGen      total 232448K, used 15842K [0x00000000e0000000, 0x00000000f6300000, 0x0000000100000000)
  eden space 216576K, 0% used [0x00000000e0000000,0x00000000e0000000,0x00000000ed380000)
  from space 15872K, 99% used [0x00000000ed380000,0x00000000ee2f8a38,0x00000000ee300000)
  to   space 21504K, 0% used [0x00000000f4e00000,0x00000000f4e00000,0x00000000f6300000)
 ParOldGen       total 74752K, used 28581K [0x00000000a0000000, 0x00000000a4900000, 0x00000000e0000000)
  object space 74752K, 38% used [0x00000000a0000000,0x00000000a1be9630,0x00000000a4900000)
 Metaspace       used 57161K, capacity 58802K, committed 58968K, reserved 1099776K
  class space    used 7773K, capacity 8202K, committed 8320K, reserved 1048576K
}
Event: 13,731 GC heap before
{Heap before GC invocations=14 (full 3):
 PSYoungGen      total 232448K, used 15842K [0x00000000e0000000, 0x00000000f6300000, 0x0000000100000000)
  eden space 216576K, 0% used [0x00000000e0000000,0x00000000e0000000,0x00000000ed380000)
  from space 15872K, 99% used [0x00000000ed380000,0x00000000ee2f8a38,0x00000000ee300000)
  to   space 21504K, 0% used [0x00000000f4e00000,0x00000000f4e00000,0x00000000f6300000)
 ParOldGen       total 74752K, used 28581K [0x00000000a0000000, 0x00000000a4900000, 0x00000000e0000000)
  object space 74752K, 38% used [0x00000000a0000000,0x00000000a1be9630,0x00000000a4900000)
 Metaspace       used 57161K, capacity 58802K, committed 58968K, reserved 1099776K
  class space    used 7773K, capacity 8202K, committed 8320K, reserved 1048576K
Event: 13,947 GC heap after
Heap after GC invocations=14 (full 3):
 PSYoungGen      total 232448K, used 0K [0x00000000e0000000, 0x00000000f6300000, 0x0000000100000000)
  eden space 216576K, 0% used [0x00000000e0000000,0x00000000e0000000,0x00000000ed380000)
  from space 15872K, 0% used [0x00000000ed380000,0x00000000ed380000,0x00000000ee300000)
  to   space 21504K, 0% used [0x00000000f4e00000,0x00000000f4e00000,0x00000000f6300000)
 ParOldGen       total 103424K, used 37900K [0x00000000a0000000, 0x00000000a6500000, 0x00000000e0000000)
  object space 103424K, 36% used [0x00000000a0000000,0x00000000a25033f0,0x00000000a6500000)
 Metaspace       used 57161K, capacity 58802K, committed 58968K, reserved 1099776K
  class space    used 7773K, capacity 8202K, committed 8320K, reserved 1048576K
}
Event: 16,544 GC heap before
{Heap before GC invocations=15 (full 3):
 PSYoungGen      total 232448K, used 216576K [0x00000000e0000000, 0x00000000f6300000, 0x0000000100000000)
  eden space 216576K, 100% used [0x00000000e0000000,0x00000000ed380000,0x00000000ed380000)
  from space 15872K, 0% used [0x00000000ed380000,0x00000000ed380000,0x00000000ee300000)
  to   space 21504K, 0% used [0x00000000f4e00000,0x00000000f4e00000,0x00000000f6300000)
 ParOldGen       total 103424K, used 37900K [0x00000000a0000000, 0x00000000a6500000, 0x00000000e0000000)
  object space 103424K, 36% used [0x00000000a0000000,0x00000000a25033f0,0x00000000a6500000)
 Metaspace       used 59944K, capacity 61570K, committed 61656K, reserved 1101824K
  class space    used 7971K, capacity 8402K, committed 8448K, reserved 1048576K
Event: 16,610 GC heap after
Heap after GC invocations=15 (full 3):
 PSYoungGen      total 324096K, used 21495K [0x00000000e0000000, 0x00000000f8000000, 0x0000000100000000)
  eden space 302592K, 0% used [0x00000000e0000000,0x00000000e0000000,0x00000000f2780000)
  from space 21504K, 99% used [0x00000000f4e00000,0x00000000f62fdea0,0x00000000f6300000)
  to   space 39424K, 0% used [0x00000000f2780000,0x00000000f2780000,0x00000000f4e00000)
 ParOldGen       total 103424K, used 78514K [0x00000000a0000000, 0x00000000a6500000, 0x00000000e0000000)
  object space 103424K, 75% used [0x00000000a0000000,0x00000000a4cac838,0x00000000a6500000)
 Metaspace       used 59944K, capacity 61570K, committed 61656K, reserved 1101824K
  class space    used 7971K, capacity 8402K, committed 8448K, reserved 1048576K
}
Event: 20,035 GC heap before
{Heap before GC invocations=16 (full 3):
 PSYoungGen      total 324096K, used 324087K [0x00000000e0000000, 0x00000000f8000000, 0x0000000100000000)
  eden space 302592K, 100% used [0x00000000e0000000,0x00000000f2780000,0x00000000f2780000)
  from space 21504K, 99% used [0x00000000f4e00000,0x00000000f62fdea0,0x00000000f6300000)
  to   space 39424K, 0% used [0x00000000f2780000,0x00000000f2780000,0x00000000f4e00000)
 ParOldGen       total 103424K, used 78514K [0x00000000a0000000, 0x00000000a6500000, 0x00000000e0000000)
  object space 103424K, 75% used [0x00000000a0000000,0x00000000a4cac838,0x00000000a6500000)
 Metaspace       used 67366K, capacity 69716K, committed 69976K, reserved 1110016K
  class space    used 8989K, capacity 9531K, committed 9600K, reserved 1048576K

