# JRE version: OpenJDK Runtime Environment (8.0_212) (build 1.8.0_212-release-1586-b4-5784211)
# Java VM: OpenJDK 64-Bit Server VM (25.212-b4-5784211 mixed mode linux-amd64 compressed oops)
Heap:
 PSYoungGen      total 365056K, used 0K [0x00000000e0000000, 0x00000000fb180000, 0x0000000100000000)
  eden space 291840K, 0% used [0x00000000e0000000,0x00000000e0000000,0x00000000f1d00000)
  from space 73216K, 0% used [0x00000000f6080000,0x00000000f6080000,0x00000000fa800000)
  to   space 69120K, 0% used [0x00000000f1d00000,0x00000000f1d00000,0x00000000f6080000)
 ParOldGen       total 204800K, used 176436K [0x00000000a0000000, 0x00000000ac800000, 0x00000000e0000000)
  object space 204800K, 86% used [0x00000000a0000000,0x00000000aac4d1c8,0x00000000ac800000)
 Metaspace       used 58530K, capacity 60514K, committed 60632K, reserved 1101824K
  class space    used 7936K, capacity 8398K, committed 8448K, reserved 1048576K
GC Heap History (10 events):
Event: 13,512 GC heap after
Heap after GC invocations=13 (full 2):
 PSYoungGen      total 199680K, used 15844K [0x00000000e0000000, 0x00000000f1780000, 0x0000000100000000)
  eden space 183808K, 0% used [0x00000000e0000000,0x00000000e0000000,0x00000000eb380000)
  from space 15872K, 99% used [0x00000000eb380000,0x00000000ec2f9220,0x00000000ec300000)
  to   space 20992K, 0% used [0x00000000f0300000,0x00000000f0300000,0x00000000f1780000)
 ParOldGen       total 79872K, used 25786K [0x00000000a0000000, 0x00000000a4e00000, 0x00000000e0000000)
  object space 79872K, 32% used [0x00000000a0000000,0x00000000a192eac8,0x00000000a4e00000)
 Metaspace       used 54009K, capacity 55710K, committed 55896K, reserved 1097728K
  class space    used 7357K, capacity 7764K, committed 7808K, reserved 1048576K
}
Event: 14,757 GC heap before
{Heap before GC invocations=14 (full 2):
 PSYoungGen      total 199680K, used 165683K [0x00000000e0000000, 0x00000000f1780000, 0x0000000100000000)
  eden space 183808K, 81% used [0x00000000e0000000,0x00000000e9253c60,0x00000000eb380000)
  from space 15872K, 99% used [0x00000000eb380000,0x00000000ec2f9220,0x00000000ec300000)
  to   space 20992K, 0% used [0x00000000f0300000,0x00000000f0300000,0x00000000f1780000)
 ParOldGen       total 79872K, used 25786K [0x00000000a0000000, 0x00000000a4e00000, 0x00000000e0000000)
  object space 79872K, 32% used [0x00000000a0000000,0x00000000a192eac8,0x00000000a4e00000)
 Metaspace       used 57092K, capacity 58898K, committed 58968K, reserved 1099776K
  class space    used 7795K, capacity 8254K, committed 8320K, reserved 1048576K
Event: 14,861 GC heap after
Heap after GC invocations=14 (full 2):
 PSYoungGen      total 236544K, used 20982K [0x00000000e0000000, 0x00000000f5880000, 0x0000000100000000)
  eden space 215552K, 0% used [0x00000000e0000000,0x00000000e0000000,0x00000000ed280000)
  from space 20992K, 99% used [0x00000000f0300000,0x00000000f177d9e8,0x00000000f1780000)
  to   space 49664K, 0% used [0x00000000ed280000,0x00000000ed280000,0x00000000f0300000)
 ParOldGen       total 95744K, used 95483K [0x00000000a0000000, 0x00000000a5d80000, 0x00000000e0000000)
  object space 95744K, 99% used [0x00000000a0000000,0x00000000a5d3efc0,0x00000000a5d80000)
 Metaspace       used 57092K, capacity 58898K, committed 58968K, reserved 1099776K
  class space    used 7795K, capacity 8254K, committed 8320K, reserved 1048576K
}
Event: 14,861 GC heap before
{Heap before GC invocations=15 (full 3):
 PSYoungGen      total 236544K, used 20982K [0x00000000e0000000, 0x00000000f5880000, 0x0000000100000000)
  eden space 215552K, 0% used [0x00000000e0000000,0x00000000e0000000,0x00000000ed280000)
  from space 20992K, 99% used [0x00000000f0300000,0x00000000f177d9e8,0x00000000f1780000)
  to   space 49664K, 0% used [0x00000000ed280000,0x00000000ed280000,0x00000000f0300000)
 ParOldGen       total 95744K, used 95483K [0x00000000a0000000, 0x00000000a5d80000, 0x00000000e0000000)
  object space 95744K, 99% used [0x00000000a0000000,0x00000000a5d3efc0,0x00000000a5d80000)
 Metaspace       used 57092K, capacity 58898K, committed 58968K, reserved 1099776K
  class space    used 7795K, capacity 8254K, committed 8320K, reserved 1048576K
Event: 15,385 GC heap after
Heap after GC invocations=15 (full 3):
 PSYoungGen      total 236544K, used 12225K [0x00000000e0000000, 0x00000000f5880000, 0x0000000100000000)
  eden space 215552K, 0% used [0x00000000e0000000,0x00000000e0000000,0x00000000ed280000)
  from space 20992K, 58% used [0x00000000f0300000,0x00000000f0ef07a0,0x00000000f1780000)
  to   space 49664K, 0% used [0x00000000ed280000,0x00000000ed280000,0x00000000f0300000)
 ParOldGen       total 204800K, used 95437K [0x00000000a0000000, 0x00000000ac800000, 0x00000000e0000000)
  object space 204800K, 46% used [0x00000000a0000000,0x00000000a5d337d8,0x00000000ac800000)
 Metaspace       used 57087K, capacity 58884K, committed 58968K, reserved 1099776K
  class space    used 7793K, capacity 8251K, committed 8320K, reserved 1048576K
}
Event: 17,998 GC heap before
{Heap before GC invocations=16 (full 3):
 PSYoungGen      total 236544K, used 227777K [0x00000000e0000000, 0x00000000f5880000, 0x0000000100000000)
  eden space 215552K, 100% used [0x00000000e0000000,0x00000000ed280000,0x00000000ed280000)
  from space 20992K, 58% used [0x00000000f0300000,0x00000000f0ef07a0,0x00000000f1780000)
  to   space 49664K, 0% used [0x00000000ed280000,0x00000000ed280000,0x00000000f0300000)
 ParOldGen       total 204800K, used 95437K [0x00000000a0000000, 0x00000000ac800000, 0x00000000e0000000)
  object space 204800K, 46% used [0x00000000a0000000,0x00000000a5d337d8,0x00000000ac800000)
 Metaspace       used 58415K, capacity 60366K, committed 60632K, reserved 1101824K
  class space    used 7931K, capacity 8394K, committed 8448K, reserved 1048576K
Event: 18,158 GC heap after
Heap after GC invocations=16 (full 3):
 PSYoungGen      total 265216K, used 49648K [0x00000000e0000000, 0x00000000fa800000, 0x0000000100000000)
  eden space 215552K, 0% used [0x00000000e0000000,0x00000000e0000000,0x00000000ed280000)
  from space 49664K, 99% used [0x00000000ed280000,0x00000000f02fc2a8,0x00000000f0300000)
  to   space 73216K, 0% used [0x00000000f6080000,0x00000000f6080000,0x00000000fa800000)
 ParOldGen       total 204800K, used 135575K [0x00000000a0000000, 0x00000000ac800000, 0x00000000e0000000)
  object space 204800K, 66% used [0x00000000a0000000,0x00000000a8465d18,0x00000000ac800000)
 Metaspace       used 58415K, capacity 60366K, committed 60632K, reserved 1101824K
  class space    used 7931K, capacity 8394K, committed 8448K, reserved 1048576K
}
Event: 18,879 GC heap before
{Heap before GC invocations=17 (full 3):
 PSYoungGen      total 265216K, used 265200K [0x00000000e0000000, 0x00000000fa800000, 0x0000000100000000)
  eden space 215552K, 100% used [0x00000000e0000000,0x00000000ed280000,0x00000000ed280000)
  from space 49664K, 99% used [0x00000000ed280000,0x00000000f02fc2a8,0x00000000f0300000)
  to   space 73216K, 0% used [0x00000000f6080000,0x00000000f6080000,0x00000000fa800000)
 ParOldGen       total 204800K, used 135575K [0x00000000a0000000, 0x00000000ac800000, 0x00000000e0000000)
  object space 204800K, 66% used [0x00000000a0000000,0x00000000a8465d18,0x00000000ac800000)
 Metaspace       used 58534K, capacity 60526K, committed 60632K, reserved 1101824K
  class space    used 7937K, capacity 8400K, committed 8448K, reserved 1048576K
Event: 19,044 GC heap after
Heap after GC invocations=17 (full 3):
 PSYoungGen      total 365056K, used 20262K [0x00000000e0000000, 0x00000000fb180000, 0x0000000100000000)
  eden space 291840K, 0% used [0x00000000e0000000,0x00000000e0000000,0x00000000f1d00000)
  from space 73216K, 27% used [0x00000000f6080000,0x00000000f7449970,0x00000000fa800000)
  to   space 69120K, 0% used [0x00000000f1d00000,0x00000000f1d00000,0x00000000f6080000)
 ParOldGen       total 204800K, used 185365K [0x00000000a0000000, 0x00000000ac800000, 0x00000000e0000000)
  object space 204800K, 90% used [0x00000000a0000000,0x00000000ab5054c8,0x00000000ac800000)
 Metaspace       used 58534K, capacity 60526K, committed 60632K, reserved 1101824K
  class space    used 7937K, capacity 8400K, committed 8448K, reserved 1048576K
}
Event: 19,044 GC heap before
{Heap before GC invocations=18 (full 4):
 PSYoungGen      total 365056K, used 20262K [0x00000000e0000000, 0x00000000fb180000, 0x0000000100000000)
  eden space 291840K, 0% used [0x00000000e0000000,0x00000000e0000000,0x00000000f1d00000)
  from space 73216K, 27% used [0x00000000f6080000,0x00000000f7449970,0x00000000fa800000)
  to   space 69120K, 0% used [0x00000000f1d00000,0x00000000f1d00000,0x00000000f6080000)
 ParOldGen       total 204800K, used 185365K [0x00000000a0000000, 0x00000000ac800000, 0x00000000e0000000)
  object space 204800K, 90% used [0x00000000a0000000,0x00000000ab5054c8,0x00000000ac800000)
 Metaspace       used 58534K, capacity 60526K, committed 60632K, reserved 1101824K
  class space    used 7937K, capacity 8400K, committed 8448K, reserved 1048576K

