# JRE version: OpenJDK Runtime Environment (8.0_212) (build 1.8.0_212-release-1586-b4-5784211)
# Java VM: OpenJDK 64-Bit Server VM (25.212-b4-5784211 mixed mode linux-amd64 compressed oops)
Heap:
 PSYoungGen      total 392192K, used 45539K [0x00000000e0000000, 0x00000000fc700000, 0x0000000100000000)
  eden space 346624K, 0% used [0x00000000e0000000,0x00000000e0000000,0x00000000f5280000)
  from space 45568K, 99% used [0x00000000f5280000,0x00000000f7ef8ce8,0x00000000f7f00000)
  to   space 26112K, 0% used [0x00000000f7f00000,0x00000000f7f00000,0x00000000f9880000)
 ParOldGen       total 184832K, used 183854K [0x00000000a0000000, 0x00000000ab480000, 0x00000000e0000000)
  object space 184832K, 99% used [0x00000000a0000000,0x00000000ab38bbf0,0x00000000ab480000)
 Metaspace       used 70615K, capacity 73374K, committed 73688K, reserved 1114112K
  class space    used 9318K, capacity 9924K, committed 9984K, reserved 1048576K
GC Heap History (10 events):
Event: 9,533 GC heap after
Heap after GC invocations=9 (full 2):
 PSYoungGen      total 207872K, used 14306K [0x00000000e0000000, 0x00000000f4380000, 0x0000000100000000)
  eden space 193536K, 0% used [0x00000000e0000000,0x00000000e0000000,0x00000000ebd00000)
  from space 14336K, 99% used [0x00000000ebd00000,0x00000000ecaf8858,0x00000000ecb00000)
  to   space 17920K, 0% used [0x00000000f3200000,0x00000000f3200000,0x00000000f4380000)
 ParOldGen       total 95232K, used 21196K [0x00000000a0000000, 0x00000000a5d00000, 0x00000000e0000000)
  object space 95232K, 22% used [0x00000000a0000000,0x00000000a14b3070,0x00000000a5d00000)
 Metaspace       used 46103K, capacity 47196K, committed 47320K, reserved 1089536K
  class space    used 6273K, capacity 6611K, committed 6656K, reserved 1048576K
}
Event: 12,420 GC heap before
{Heap before GC invocations=10 (full 2):
 PSYoungGen      total 207872K, used 207842K [0x00000000e0000000, 0x00000000f4380000, 0x0000000100000000)
  eden space 193536K, 100% used [0x00000000e0000000,0x00000000ebd00000,0x00000000ebd00000)
  from space 14336K, 99% used [0x00000000ebd00000,0x00000000ecaf8858,0x00000000ecb00000)
  to   space 17920K, 0% used [0x00000000f3200000,0x00000000f3200000,0x00000000f4380000)
 ParOldGen       total 95232K, used 21196K [0x00000000a0000000, 0x00000000a5d00000, 0x00000000e0000000)
  object space 95232K, 22% used [0x00000000a0000000,0x00000000a14b3070,0x00000000a5d00000)
 Metaspace       used 52907K, capacity 54574K, committed 54744K, reserved 1095680K
  class space    used 7216K, capacity 7606K, committed 7680K, reserved 1048576K
Event: 12,446 GC heap after
Heap after GC invocations=10 (full 2):
 PSYoungGen      total 305664K, used 17897K [0x00000000e0000000, 0x00000000f4600000, 0x0000000100000000)
  eden space 287744K, 0% used [0x00000000e0000000,0x00000000e0000000,0x00000000f1900000)
  from space 17920K, 99% used [0x00000000f3200000,0x00000000f437a4b0,0x00000000f4380000)
  to   space 23040K, 0% used [0x00000000f1900000,0x00000000f1900000,0x00000000f2f80000)
 ParOldGen       total 95232K, used 26536K [0x00000000a0000000, 0x00000000a5d00000, 0x00000000e0000000)
  object space 95232K, 27% used [0x00000000a0000000,0x00000000a19ea390,0x00000000a5d00000)
 Metaspace       used 52907K, capacity 54574K, committed 54744K, reserved 1095680K
  class space    used 7216K, capacity 7606K, committed 7680K, reserved 1048576K
}
Event: 16,269 GC heap before
{Heap before GC invocations=11 (full 2):
 PSYoungGen      total 305664K, used 183273K [0x00000000e0000000, 0x00000000f4600000, 0x0000000100000000)
  eden space 287744K, 57% used [0x00000000e0000000,0x00000000ea180220,0x00000000f1900000)
  from space 17920K, 99% used [0x00000000f3200000,0x00000000f437a4b0,0x00000000f4380000)
  to   space 23040K, 0% used [0x00000000f1900000,0x00000000f1900000,0x00000000f2f80000)
 ParOldGen       total 95232K, used 26536K [0x00000000a0000000, 0x00000000a5d00000, 0x00000000e0000000)
  object space 95232K, 27% used [0x00000000a0000000,0x00000000a19ea390,0x00000000a5d00000)
 Metaspace       used 57096K, capacity 58934K, committed 59028K, reserved 1099776K
  class space    used 7687K, capacity 8150K, committed 8192K, reserved 1048576K
Event: 16,305 GC heap after
Heap after GC invocations=11 (full 2):
 PSYoungGen      total 310784K, used 21897K [0x00000000e0000000, 0x00000000f9880000, 0x0000000100000000)
  eden space 287744K, 0% used [0x00000000e0000000,0x00000000e0000000,0x00000000f1900000)
  from space 23040K, 95% used [0x00000000f1900000,0x00000000f2e62450,0x00000000f2f80000)
  to   space 26112K, 0% used [0x00000000f7f00000,0x00000000f7f00000,0x00000000f9880000)
 ParOldGen       total 95232K, used 26544K [0x00000000a0000000, 0x00000000a5d00000, 0x00000000e0000000)
  object space 95232K, 27% used [0x00000000a0000000,0x00000000a19ec390,0x00000000a5d00000)
 Metaspace       used 57096K, capacity 58934K, committed 59028K, reserved 1099776K
  class space    used 7687K, capacity 8150K, committed 8192K, reserved 1048576K
}
Event: 16,305 GC heap before
{Heap before GC invocations=12 (full 3):
 PSYoungGen      total 310784K, used 21897K [0x00000000e0000000, 0x00000000f9880000, 0x0000000100000000)
  eden space 287744K, 0% used [0x00000000e0000000,0x00000000e0000000,0x00000000f1900000)
  from space 23040K, 95% used [0x00000000f1900000,0x00000000f2e62450,0x00000000f2f80000)
  to   space 26112K, 0% used [0x00000000f7f00000,0x00000000f7f00000,0x00000000f9880000)
 ParOldGen       total 95232K, used 26544K [0x00000000a0000000, 0x00000000a5d00000, 0x00000000e0000000)
  object space 95232K, 27% used [0x00000000a0000000,0x00000000a19ec390,0x00000000a5d00000)
 Metaspace       used 57096K, capacity 58934K, committed 59028K, reserved 1099776K
  class space    used 7687K, capacity 8150K, committed 8192K, reserved 1048576K
Event: 16,518 GC heap after
Heap after GC invocations=12 (full 3):
 PSYoungGen      total 310784K, used 0K [0x00000000e0000000, 0x00000000f9880000, 0x0000000100000000)
  eden space 287744K, 0% used [0x00000000e0000000,0x00000000e0000000,0x00000000f1900000)
  from space 23040K, 0% used [0x00000000f1900000,0x00000000f1900000,0x00000000f2f80000)
  to   space 26112K, 0% used [0x00000000f7f00000,0x00000000f7f00000,0x00000000f9880000)
 ParOldGen       total 134144K, used 34969K [0x00000000a0000000, 0x00000000a8300000, 0x00000000e0000000)
  object space 134144K, 26% used [0x00000000a0000000,0x00000000a22265c8,0x00000000a8300000)
 Metaspace       used 57095K, capacity 58928K, committed 59028K, reserved 1099776K
  class space    used 7687K, capacity 8149K, committed 8192K, reserved 1048576K
}
Event: 20,794 GC heap before
{Heap before GC invocations=13 (full 3):
 PSYoungGen      total 310784K, used 287744K [0x00000000e0000000, 0x00000000f9880000, 0x0000000100000000)
  eden space 287744K, 100% used [0x00000000e0000000,0x00000000f1900000,0x00000000f1900000)
  from space 23040K, 0% used [0x00000000f1900000,0x00000000f1900000,0x00000000f2f80000)
  to   space 26112K, 0% used [0x00000000f7f00000,0x00000000f7f00000,0x00000000f9880000)
 ParOldGen       total 134144K, used 34969K [0x00000000a0000000, 0x00000000a8300000, 0x00000000e0000000)
  object space 134144K, 26% used [0x00000000a0000000,0x00000000a22265c8,0x00000000a8300000)
 Metaspace       used 67604K, capacity 69852K, committed 70104K, reserved 1110016K
  class space    used 8934K, capacity 9457K, committed 9472K, reserved 1048576K
Event: 20,946 GC heap after
Heap after GC invocations=13 (full 3):
 PSYoungGen      total 372736K, used 26096K [0x00000000e0000000, 0x00000000fc700000, 0x0000000100000000)
  eden space 346624K, 0% used [0x00000000e0000000,0x00000000e0000000,0x00000000f5280000)
  from space 26112K, 99% used [0x00000000f7f00000,0x00000000f987c3e0,0x00000000f9880000)
  to   space 45568K, 0% used [0x00000000f5280000,0x00000000f5280000,0x00000000f7f00000)
 ParOldGen       total 134144K, used 77846K [0x00000000a0000000, 0x00000000a8300000, 0x00000000e0000000)
  object space 134144K, 58% used [0x00000000a0000000,0x00000000a4c05888,0x00000000a8300000)
 Metaspace       used 67604K, capacity 69852K, committed 70104K, reserved 1110016K
  class space    used 8934K, capacity 9457K, committed 9472K, reserved 1048576K
}
Event: 24,353 GC heap before
{Heap before GC invocations=14 (full 3):
 PSYoungGen      total 372736K, used 372720K [0x00000000e0000000, 0x00000000fc700000, 0x0000000100000000)
  eden space 346624K, 100% used [0x00000000e0000000,0x00000000f5280000,0x00000000f5280000)
  from space 26112K, 99% used [0x00000000f7f00000,0x00000000f987c3e0,0x00000000f9880000)
  to   space 45568K, 0% used [0x00000000f5280000,0x00000000f5280000,0x00000000f7f00000)
 ParOldGen       total 134144K, used 77846K [0x00000000a0000000, 0x00000000a8300000, 0x00000000e0000000)
  object space 134144K, 58% used [0x00000000a0000000,0x00000000a4c05888,0x00000000a8300000)
 Metaspace       used 70615K, capacity 73374K, committed 73688K, reserved 1114112K
  class space    used 9318K, capacity 9924K, committed 9984K, reserved 1048576K

