# JRE version: OpenJDK Runtime Environment (8.0_212) (build 1.8.0_212-release-1586-b4-5784211)
# Java VM: OpenJDK 64-Bit Server VM (25.212-b4-5784211 mixed mode linux-amd64 compressed oops)
Heap:
 PSYoungGen      total 401920K, used 74228K [0x00000000e0000000, 0x00000000fe380000, 0x0000000100000000)
  eden space 327680K, 0% used [0x00000000e0000000,0x00000000e0000000,0x00000000f4000000)
  from space 74240K, 99% used [0x00000000f4000000,0x00000000f887d2d8,0x00000000f8880000)
  to   space 47104K, 0% used [0x00000000f8880000,0x00000000f8880000,0x00000000fb680000)
 ParOldGen       total 221696K, used 156162K [0x00000000a0000000, 0x00000000ad880000, 0x00000000e0000000)
  object space 221696K, 70% used [0x00000000a0000000,0x00000000a9880918,0x00000000ad880000)
 Metaspace       used 62320K, capacity 64688K, committed 64856K, reserved 1105920K
  class space    used 8290K, capacity 8789K, committed 8832K, reserved 1048576K
GC Heap History (10 events):
Event: 9,106 GC heap after
Heap after GC invocations=9 (full 2):
 PSYoungGen      total 196608K, used 14308K [0x00000000e0000000, 0x00000000f2d80000, 0x0000000100000000)
  eden space 182272K, 0% used [0x00000000e0000000,0x00000000e0000000,0x00000000eb200000)
  from space 14336K, 99% used [0x00000000eb200000,0x00000000ebff9090,0x00000000ec000000)
  to   space 17408K, 0% used [0x00000000f1c80000,0x00000000f1c80000,0x00000000f2d80000)
 ParOldGen       total 99840K, used 18263K [0x00000000a0000000, 0x00000000a6180000, 0x00000000e0000000)
  object space 99840K, 18% used [0x00000000a0000000,0x00000000a11d5fd0,0x00000000a6180000)
 Metaspace       used 46038K, capacity 47142K, committed 47320K, reserved 1089536K
  class space    used 6267K, capacity 6602K, committed 6656K, reserved 1048576K
}
Event: 11,112 GC heap before
{Heap before GC invocations=10 (full 2):
 PSYoungGen      total 196608K, used 196580K [0x00000000e0000000, 0x00000000f2d80000, 0x0000000100000000)
  eden space 182272K, 100% used [0x00000000e0000000,0x00000000eb200000,0x00000000eb200000)
  from space 14336K, 99% used [0x00000000eb200000,0x00000000ebff9090,0x00000000ec000000)
  to   space 17408K, 0% used [0x00000000f1c80000,0x00000000f1c80000,0x00000000f2d80000)
 ParOldGen       total 99840K, used 18263K [0x00000000a0000000, 0x00000000a6180000, 0x00000000e0000000)
  object space 99840K, 18% used [0x00000000a0000000,0x00000000a11d5fd0,0x00000000a6180000)
 Metaspace       used 51514K, capacity 53194K, committed 53336K, reserved 1095680K
  class space    used 7039K, capacity 7472K, committed 7552K, reserved 1048576K
Event: 11,145 GC heap after
Heap after GC invocations=10 (full 2):
 PSYoungGen      total 287744K, used 17407K [0x00000000e0000000, 0x00000000f3180000, 0x0000000100000000)
  eden space 270336K, 0% used [0x00000000e0000000,0x00000000e0000000,0x00000000f0800000)
  from space 17408K, 99% used [0x00000000f1c80000,0x00000000f2d7fcf8,0x00000000f2d80000)
  to   space 20992K, 0% used [0x00000000f0800000,0x00000000f0800000,0x00000000f1c80000)
 ParOldGen       total 99840K, used 20944K [0x00000000a0000000, 0x00000000a6180000, 0x00000000e0000000)
  object space 99840K, 20% used [0x00000000a0000000,0x00000000a1474190,0x00000000a6180000)
 Metaspace       used 51514K, capacity 53194K, committed 53336K, reserved 1095680K
  class space    used 7039K, capacity 7472K, committed 7552K, reserved 1048576K
}
Event: 14,158 GC heap before
{Heap before GC invocations=11 (full 2):
 PSYoungGen      total 287744K, used 236486K [0x00000000e0000000, 0x00000000f3180000, 0x0000000100000000)
  eden space 270336K, 81% used [0x00000000e0000000,0x00000000ed5f1db0,0x00000000f0800000)
  from space 17408K, 99% used [0x00000000f1c80000,0x00000000f2d7fcf8,0x00000000f2d80000)
  to   space 20992K, 0% used [0x00000000f0800000,0x00000000f0800000,0x00000000f1c80000)
 ParOldGen       total 99840K, used 20944K [0x00000000a0000000, 0x00000000a6180000, 0x00000000e0000000)
  object space 99840K, 20% used [0x00000000a0000000,0x00000000a1474190,0x00000000a6180000)
 Metaspace       used 57049K, capacity 58844K, committed 58968K, reserved 1099776K
  class space    used 7791K, capacity 8255K, committed 8320K, reserved 1048576K
Event: 14,255 GC heap after
Heap after GC invocations=11 (full 2):
 PSYoungGen      total 291328K, used 20963K [0x00000000e0000000, 0x00000000fb680000, 0x0000000100000000)
  eden space 270336K, 0% used [0x00000000e0000000,0x00000000e0000000,0x00000000f0800000)
  from space 20992K, 99% used [0x00000000f0800000,0x00000000f1c78ef0,0x00000000f1c80000)
  to   space 47104K, 0% used [0x00000000f8880000,0x00000000f8880000,0x00000000fb680000)
 ParOldGen       total 99840K, used 78307K [0x00000000a0000000, 0x00000000a6180000, 0x00000000e0000000)
  object space 99840K, 78% used [0x00000000a0000000,0x00000000a4c78e90,0x00000000a6180000)
 Metaspace       used 57049K, capacity 58844K, committed 58968K, reserved 1099776K
  class space    used 7791K, capacity 8255K, committed 8320K, reserved 1048576K
}
Event: 14,255 GC heap before
{Heap before GC invocations=12 (full 3):
 PSYoungGen      total 291328K, used 20963K [0x00000000e0000000, 0x00000000fb680000, 0x0000000100000000)
  eden space 270336K, 0% used [0x00000000e0000000,0x00000000e0000000,0x00000000f0800000)
  from space 20992K, 99% used [0x00000000f0800000,0x00000000f1c78ef0,0x00000000f1c80000)
  to   space 47104K, 0% used [0x00000000f8880000,0x00000000f8880000,0x00000000fb680000)
 ParOldGen       total 99840K, used 78307K [0x00000000a0000000, 0x00000000a6180000, 0x00000000e0000000)
  object space 99840K, 78% used [0x00000000a0000000,0x00000000a4c78e90,0x00000000a6180000)
 Metaspace       used 57049K, capacity 58844K, committed 58968K, reserved 1099776K
  class space    used 7791K, capacity 8255K, committed 8320K, reserved 1048576K
Event: 14,740 GC heap after
Heap after GC invocations=12 (full 3):
 PSYoungGen      total 291328K, used 0K [0x00000000e0000000, 0x00000000fb680000, 0x0000000100000000)
  eden space 270336K, 0% used [0x00000000e0000000,0x00000000e0000000,0x00000000f0800000)
  from space 20992K, 0% used [0x00000000f0800000,0x00000000f0800000,0x00000000f1c80000)
  to   space 47104K, 0% used [0x00000000f8880000,0x00000000f8880000,0x00000000fb680000)
 ParOldGen       total 221696K, used 91110K [0x00000000a0000000, 0x00000000ad880000, 0x00000000e0000000)
  object space 221696K, 41% used [0x00000000a0000000,0x00000000a58f98b8,0x00000000ad880000)
 Metaspace       used 57043K, capacity 58824K, committed 58968K, reserved 1099776K
  class space    used 7789K, capacity 8251K, committed 8320K, reserved 1048576K
}
Event: 17,427 GC heap before
{Heap before GC invocations=13 (full 3):
 PSYoungGen      total 291328K, used 270336K [0x00000000e0000000, 0x00000000fb680000, 0x0000000100000000)
  eden space 270336K, 100% used [0x00000000e0000000,0x00000000f0800000,0x00000000f0800000)
  from space 20992K, 0% used [0x00000000f0800000,0x00000000f0800000,0x00000000f1c80000)
  to   space 47104K, 0% used [0x00000000f8880000,0x00000000f8880000,0x00000000fb680000)
 ParOldGen       total 221696K, used 91110K [0x00000000a0000000, 0x00000000ad880000, 0x00000000e0000000)
  object space 221696K, 41% used [0x00000000a0000000,0x00000000a58f98b8,0x00000000ad880000)
 Metaspace       used 58427K, capacity 60364K, committed 60632K, reserved 1101824K
  class space    used 7928K, capacity 8393K, committed 8448K, reserved 1048576K
Event: 17,580 GC heap after
Heap after GC invocations=13 (full 3):
 PSYoungGen      total 374784K, used 47072K [0x00000000e0000000, 0x00000000fe380000, 0x0000000100000000)
  eden space 327680K, 0% used [0x00000000e0000000,0x00000000e0000000,0x00000000f4000000)
  from space 47104K, 99% used [0x00000000f8880000,0x00000000fb678050,0x00000000fb680000)
  to   space 74240K, 0% used [0x00000000f4000000,0x00000000f4000000,0x00000000f8880000)
 ParOldGen       total 221696K, used 143582K [0x00000000a0000000, 0x00000000ad880000, 0x00000000e0000000)
  object space 221696K, 64% used [0x00000000a0000000,0x00000000a8c37808,0x00000000ad880000)
 Metaspace       used 58427K, capacity 60364K, committed 60632K, reserved 1101824K
  class space    used 7928K, capacity 8393K, committed 8448K, reserved 1048576K
}
Event: 38,302 GC heap before
{Heap before GC invocations=14 (full 3):
 PSYoungGen      total 374784K, used 374752K [0x00000000e0000000, 0x00000000fe380000, 0x0000000100000000)
  eden space 327680K, 100% used [0x00000000e0000000,0x00000000f4000000,0x00000000f4000000)
  from space 47104K, 99% used [0x00000000f8880000,0x00000000fb678050,0x00000000fb680000)
  to   space 74240K, 0% used [0x00000000f4000000,0x00000000f4000000,0x00000000f8880000)
 ParOldGen       total 221696K, used 143582K [0x00000000a0000000, 0x00000000ad880000, 0x00000000e0000000)
  object space 221696K, 64% used [0x00000000a0000000,0x00000000a8c37808,0x00000000ad880000)
 Metaspace       used 62320K, capacity 64688K, committed 64856K, reserved 1105920K
  class space    used 8290K, capacity 8789K, committed 8832K, reserved 1048576K

