# JRE version: OpenJDK Runtime Environment (8.0_212) (build 1.8.0_212-release-1586-b4-5784211)
# Java VM: OpenJDK 64-Bit Server VM (25.212-b4-5784211 mixed mode linux-amd64 compressed oops)
Heap:
 PSYoungGen      total 361984K, used 47824K [0x00000000e0000000, 0x00000000fa700000, 0x0000000100000000)
  eden space 290816K, 0% used [0x00000000e0000000,0x00000000e0000000,0x00000000f1c00000)
  from space 71168K, 67% used [0x00000000f1c00000,0x00000000f4ab41a0,0x00000000f6180000)
  to   space 35840K, 0% used [0x00000000f8400000,0x00000000f8400000,0x00000000fa700000)
 ParOldGen       total 303616K, used 161311K [0x00000000a0000000, 0x00000000b2880000, 0x00000000e0000000)
  object space 303616K, 53% used [0x00000000a0000000,0x00000000a9d87db0,0x00000000b2880000)
 Metaspace       used 64153K, capacity 66528K, committed 66648K, reserved 1107968K
  class space    used 8559K, capacity 9075K, committed 9088K, reserved 1048576K
GC Heap History (10 events):
Event: 14,554 GC heap after
Heap after GC invocations=14 (full 2):
 PSYoungGen      total 250368K, used 20981K [0x00000000e0000000, 0x00000000f4c00000, 0x0000000100000000)
  eden space 229376K, 0% used [0x00000000e0000000,0x00000000e0000000,0x00000000ee000000)
  from space 20992K, 99% used [0x00000000f0900000,0x00000000f1d7d740,0x00000000f1d80000)
  to   space 41984K, 0% used [0x00000000ee000000,0x00000000ee000000,0x00000000f0900000)
 ParOldGen       total 80384K, used 74159K [0x00000000a0000000, 0x00000000a4e80000, 0x00000000e0000000)
  object space 80384K, 92% used [0x00000000a0000000,0x00000000a486bc68,0x00000000a4e80000)
 Metaspace       used 57105K, capacity 58890K, committed 58968K, reserved 1099776K
  class space    used 7792K, capacity 8254K, committed 8320K, reserved 1048576K
}
Event: 14,554 GC heap before
{Heap before GC invocations=15 (full 3):
 PSYoungGen      total 250368K, used 20981K [0x00000000e0000000, 0x00000000f4c00000, 0x0000000100000000)
  eden space 229376K, 0% used [0x00000000e0000000,0x00000000e0000000,0x00000000ee000000)
  from space 20992K, 99% used [0x00000000f0900000,0x00000000f1d7d740,0x00000000f1d80000)
  to   space 41984K, 0% used [0x00000000ee000000,0x00000000ee000000,0x00000000f0900000)
 ParOldGen       total 80384K, used 74159K [0x00000000a0000000, 0x00000000a4e80000, 0x00000000e0000000)
  object space 80384K, 92% used [0x00000000a0000000,0x00000000a486bc68,0x00000000a4e80000)
 Metaspace       used 57105K, capacity 58890K, committed 58968K, reserved 1099776K
  class space    used 7792K, capacity 8254K, committed 8320K, reserved 1048576K
Event: 15,015 GC heap after
Heap after GC invocations=15 (full 3):
 PSYoungGen      total 250368K, used 13292K [0x00000000e0000000, 0x00000000f4c00000, 0x0000000100000000)
  eden space 229376K, 0% used [0x00000000e0000000,0x00000000e0000000,0x00000000ee000000)
  from space 20992K, 63% used [0x00000000f0900000,0x00000000f15fb148,0x00000000f1d80000)
  to   space 41984K, 0% used [0x00000000ee000000,0x00000000ee000000,0x00000000f0900000)
 ParOldGen       total 176640K, used 76760K [0x00000000a0000000, 0x00000000aac80000, 0x00000000e0000000)
  object space 176640K, 43% used [0x00000000a0000000,0x00000000a4af63d8,0x00000000aac80000)
 Metaspace       used 57100K, capacity 58876K, committed 58968K, reserved 1099776K
  class space    used 7791K, capacity 8251K, committed 8320K, reserved 1048576K
}
Event: 17,532 GC heap before
{Heap before GC invocations=16 (full 3):
 PSYoungGen      total 250368K, used 242668K [0x00000000e0000000, 0x00000000f4c00000, 0x0000000100000000)
  eden space 229376K, 100% used [0x00000000e0000000,0x00000000ee000000,0x00000000ee000000)
  from space 20992K, 63% used [0x00000000f0900000,0x00000000f15fb148,0x00000000f1d80000)
  to   space 41984K, 0% used [0x00000000ee000000,0x00000000ee000000,0x00000000f0900000)
 ParOldGen       total 176640K, used 76760K [0x00000000a0000000, 0x00000000aac80000, 0x00000000e0000000)
  object space 176640K, 43% used [0x00000000a0000000,0x00000000a4af63d8,0x00000000aac80000)
 Metaspace       used 58475K, capacity 60416K, committed 60632K, reserved 1101824K
  class space    used 7929K, capacity 8393K, committed 8448K, reserved 1048576K
Event: 17,994 GC heap after
Heap after GC invocations=16 (full 3):
 PSYoungGen      total 271360K, used 41952K [0x00000000e0000000, 0x00000000fcb00000, 0x0000000100000000)
  eden space 229376K, 0% used [0x00000000e0000000,0x00000000e0000000,0x00000000ee000000)
  from space 41984K, 99% used [0x00000000ee000000,0x00000000f08f8040,0x00000000f0900000)
  to   space 72704K, 0% used [0x00000000f8400000,0x00000000f8400000,0x00000000fcb00000)
 ParOldGen       total 176640K, used 140671K [0x00000000a0000000, 0x00000000aac80000, 0x00000000e0000000)
  object space 176640K, 79% used [0x00000000a0000000,0x00000000a895ff38,0x00000000aac80000)
 Metaspace       used 58475K, capacity 60416K, committed 60632K, reserved 1101824K
  class space    used 7929K, capacity 8393K, committed 8448K, reserved 1048576K
}
Event: 17,994 GC heap before
{Heap before GC invocations=17 (full 4):
 PSYoungGen      total 271360K, used 41952K [0x00000000e0000000, 0x00000000fcb00000, 0x0000000100000000)
  eden space 229376K, 0% used [0x00000000e0000000,0x00000000e0000000,0x00000000ee000000)
  from space 41984K, 99% used [0x00000000ee000000,0x00000000f08f8040,0x00000000f0900000)
  to   space 72704K, 0% used [0x00000000f8400000,0x00000000f8400000,0x00000000fcb00000)
 ParOldGen       total 176640K, used 140671K [0x00000000a0000000, 0x00000000aac80000, 0x00000000e0000000)
  object space 176640K, 79% used [0x00000000a0000000,0x00000000a895ff38,0x00000000aac80000)
 Metaspace       used 58475K, capacity 60416K, committed 60632K, reserved 1101824K
  class space    used 7929K, capacity 8393K, committed 8448K, reserved 1048576K
Event: 18,717 GC heap after
Heap after GC invocations=17 (full 4):
 PSYoungGen      total 271360K, used 0K [0x00000000e0000000, 0x00000000fcb00000, 0x0000000100000000)
  eden space 229376K, 0% used [0x00000000e0000000,0x00000000e0000000,0x00000000ee000000)
  from space 41984K, 0% used [0x00000000ee000000,0x00000000ee000000,0x00000000f0900000)
  to   space 72704K, 0% used [0x00000000f8400000,0x00000000f8400000,0x00000000fcb00000)
 ParOldGen       total 303616K, used 161303K [0x00000000a0000000, 0x00000000b2880000, 0x00000000e0000000)
  object space 303616K, 53% used [0x00000000a0000000,0x00000000a9d85db0,0x00000000b2880000)
 Metaspace       used 58473K, capacity 60410K, committed 60632K, reserved 1101824K
  class space    used 7928K, capacity 8392K, committed 8448K, reserved 1048576K
}
Event: 19,416 GC heap before
{Heap before GC invocations=18 (full 4):
 PSYoungGen      total 271360K, used 229376K [0x00000000e0000000, 0x00000000fcb00000, 0x0000000100000000)
  eden space 229376K, 100% used [0x00000000e0000000,0x00000000ee000000,0x00000000ee000000)
  from space 41984K, 0% used [0x00000000ee000000,0x00000000ee000000,0x00000000f0900000)
  to   space 72704K, 0% used [0x00000000f8400000,0x00000000f8400000,0x00000000fcb00000)
 ParOldGen       total 303616K, used 161303K [0x00000000a0000000, 0x00000000b2880000, 0x00000000e0000000)
  object space 303616K, 53% used [0x00000000a0000000,0x00000000a9d85db0,0x00000000b2880000)
 Metaspace       used 58585K, capacity 60634K, committed 60888K, reserved 1101824K
  class space    used 7934K, capacity 8398K, committed 8448K, reserved 1048576K
Event: 19,431 GC heap after
Heap after GC invocations=18 (full 4):
 PSYoungGen      total 326656K, used 34150K [0x00000000e0000000, 0x00000000fa700000, 0x0000000100000000)
  eden space 290816K, 0% used [0x00000000e0000000,0x00000000e0000000,0x00000000f1c00000)
  from space 35840K, 95% used [0x00000000f8400000,0x00000000fa559980,0x00000000fa700000)
  to   space 71168K, 0% used [0x00000000f1c00000,0x00000000f1c00000,0x00000000f6180000)
 ParOldGen       total 303616K, used 161311K [0x00000000a0000000, 0x00000000b2880000, 0x00000000e0000000)
  object space 303616K, 53% used [0x00000000a0000000,0x00000000a9d87db0,0x00000000b2880000)
 Metaspace       used 58585K, capacity 60634K, committed 60888K, reserved 1101824K
  class space    used 7934K, capacity 8398K, committed 8448K, reserved 1048576K
}
Event: 173,451 GC heap before
{Heap before GC invocations=19 (full 4):
 PSYoungGen      total 326656K, used 324966K [0x00000000e0000000, 0x00000000fa700000, 0x0000000100000000)
  eden space 290816K, 100% used [0x00000000e0000000,0x00000000f1c00000,0x00000000f1c00000)
  from space 35840K, 95% used [0x00000000f8400000,0x00000000fa559980,0x00000000fa700000)
  to   space 71168K, 0% used [0x00000000f1c00000,0x00000000f1c00000,0x00000000f6180000)
 ParOldGen       total 303616K, used 161311K [0x00000000a0000000, 0x00000000b2880000, 0x00000000e0000000)
  object space 303616K, 53% used [0x00000000a0000000,0x00000000a9d87db0,0x00000000b2880000)
 Metaspace       used 64153K, capacity 66528K, committed 66648K, reserved 1107968K
  class space    used 8559K, capacity 9075K, committed 9088K, reserved 1048576K

