# JRE version: OpenJDK Runtime Environment (8.0_212) (build 1.8.0_212-release-1586-b4-5784211)
# Java VM: OpenJDK 64-Bit Server VM (25.212-b4-5784211 mixed mode linux-amd64 compressed oops)
Heap:
 PSYoungGen      total 155648K, used 0K [0x00000000e0000000, 0x00000000f1e80000, 0x0000000100000000)
  eden space 91136K, 0% used [0x00000000e0000000,0x00000000e0000000,0x00000000e5900000)
  from space 64512K, 0% used [0x00000000eaf80000,0x00000000eaf80000,0x00000000eee80000)
  to   space 88576K, 0% used [0x00000000e5900000,0x00000000e5900000,0x00000000eaf80000)
 ParOldGen       total 145920K, used 127945K [0x00000000a0000000, 0x00000000a8e80000, 0x00000000e0000000)
  object space 145920K, 87% used [0x00000000a0000000,0x00000000a7cf27d8,0x00000000a8e80000)
 Metaspace       used 78467K, capacity 83410K, committed 84440K, reserved 1122304K
  class space    used 10084K, capacity 10994K, committed 11264K, reserved 1048576K
GC Heap History (10 events):
Event: 1652,192 GC heap after
Heap after GC invocations=61 (full 3):
 PSYoungGen      total 114688K, used 16778K [0x00000000e0000000, 0x00000000e8a80000, 0x0000000100000000)
  eden space 94720K, 0% used [0x00000000e0000000,0x00000000e0000000,0x00000000e5c80000)
  from space 19968K, 84% used [0x00000000e7200000,0x00000000e8262b08,0x00000000e8580000)
  to   space 22016K, 0% used [0x00000000e5c80000,0x00000000e5c80000,0x00000000e7200000)
 ParOldGen       total 139264K, used 44028K [0x00000000a0000000, 0x00000000a8800000, 0x00000000e0000000)
  object space 139264K, 31% used [0x00000000a0000000,0x00000000a2aff158,0x00000000a8800000)
 Metaspace       used 69901K, capacity 74510K, committed 74712K, reserved 1114112K
  class space    used 9034K, capacity 9898K, committed 9984K, reserved 1048576K
}
Event: 1652,984 GC heap before
{Heap before GC invocations=62 (full 3):
 PSYoungGen      total 114688K, used 111498K [0x00000000e0000000, 0x00000000e8a80000, 0x0000000100000000)
  eden space 94720K, 100% used [0x00000000e0000000,0x00000000e5c80000,0x00000000e5c80000)
  from space 19968K, 84% used [0x00000000e7200000,0x00000000e8262b08,0x00000000e8580000)
  to   space 22016K, 0% used [0x00000000e5c80000,0x00000000e5c80000,0x00000000e7200000)
 ParOldGen       total 139264K, used 44028K [0x00000000a0000000, 0x00000000a8800000, 0x00000000e0000000)
  object space 139264K, 31% used [0x00000000a0000000,0x00000000a2aff158,0x00000000a8800000)
 Metaspace       used 70876K, capacity 75518K, committed 75736K, reserved 1116160K
  class space    used 9092K, capacity 9938K, committed 9984K, reserved 1048576K
Event: 1653,033 GC heap after
Heap after GC invocations=62 (full 3):
 PSYoungGen      total 116736K, used 22008K [0x00000000e0000000, 0x00000000eb000000, 0x0000000100000000)
  eden space 94720K, 0% used [0x00000000e0000000,0x00000000e0000000,0x00000000e5c80000)
  from space 22016K, 99% used [0x00000000e5c80000,0x00000000e71fe1d0,0x00000000e7200000)
  to   space 36352K, 0% used [0x00000000e8c80000,0x00000000e8c80000,0x00000000eb000000)
 ParOldGen       total 139264K, used 73571K [0x00000000a0000000, 0x00000000a8800000, 0x00000000e0000000)
  object space 139264K, 52% used [0x00000000a0000000,0x00000000a47d8de8,0x00000000a8800000)
 Metaspace       used 70876K, capacity 75518K, committed 75736K, reserved 1116160K
  class space    used 9092K, capacity 9938K, committed 9984K, reserved 1048576K
}
Event: 1654,428 GC heap before
{Heap before GC invocations=63 (full 3):
 PSYoungGen      total 116736K, used 116728K [0x00000000e0000000, 0x00000000eb000000, 0x0000000100000000)
  eden space 94720K, 100% used [0x00000000e0000000,0x00000000e5c80000,0x00000000e5c80000)
  from space 22016K, 99% used [0x00000000e5c80000,0x00000000e71fe1d0,0x00000000e7200000)
  to   space 36352K, 0% used [0x00000000e8c80000,0x00000000e8c80000,0x00000000eb000000)
 ParOldGen       total 139264K, used 73571K [0x00000000a0000000, 0x00000000a8800000, 0x00000000e0000000)
  object space 139264K, 52% used [0x00000000a0000000,0x00000000a47d8de8,0x00000000a8800000)
 Metaspace       used 72223K, capacity 76894K, committed 77144K, reserved 1116160K
  class space    used 9203K, capacity 10098K, committed 10112K, reserved 1048576K
Event: 1654,715 GC heap after
Heap after GC invocations=63 (full 3):
 PSYoungGen      total 134656K, used 36347K [0x00000000e0000000, 0x00000000ec500000, 0x0000000100000000)
  eden space 98304K, 0% used [0x00000000e0000000,0x00000000e0000000,0x00000000e6000000)
  from space 36352K, 99% used [0x00000000e8c80000,0x00000000eaffed90,0x00000000eb000000)
  to   space 45568K, 0% used [0x00000000e6000000,0x00000000e6000000,0x00000000e8c80000)
 ParOldGen       total 139264K, used 81256K [0x00000000a0000000, 0x00000000a8800000, 0x00000000e0000000)
  object space 139264K, 58% used [0x00000000a0000000,0x00000000a4f5a390,0x00000000a8800000)
 Metaspace       used 72223K, capacity 76894K, committed 77144K, reserved 1116160K
  class space    used 9203K, capacity 10098K, committed 10112K, reserved 1048576K
}
Event: 1655,648 GC heap before
{Heap before GC invocations=64 (full 3):
 PSYoungGen      total 134656K, used 134651K [0x00000000e0000000, 0x00000000ec500000, 0x0000000100000000)
  eden space 98304K, 100% used [0x00000000e0000000,0x00000000e6000000,0x00000000e6000000)
  from space 36352K, 99% used [0x00000000e8c80000,0x00000000eaffed90,0x00000000eb000000)
  to   space 45568K, 0% used [0x00000000e6000000,0x00000000e6000000,0x00000000e8c80000)
 ParOldGen       total 139264K, used 81256K [0x00000000a0000000, 0x00000000a8800000, 0x00000000e0000000)
  object space 139264K, 58% used [0x00000000a0000000,0x00000000a4f5a390,0x00000000a8800000)
 Metaspace       used 77906K, capacity 83076K, committed 83160K, reserved 1122304K
  class space    used 9978K, capacity 10939K, committed 11008K, reserved 1048576K
Event: 1655,709 GC heap after
Heap after GC invocations=64 (full 3):
 PSYoungGen      total 143872K, used 45546K [0x00000000e0000000, 0x00000000eee80000, 0x0000000100000000)
  eden space 98304K, 0% used [0x00000000e0000000,0x00000000e0000000,0x00000000e6000000)
  from space 45568K, 99% used [0x00000000e6000000,0x00000000e8c7ab40,0x00000000e8c80000)
  to   space 64512K, 0% used [0x00000000eaf80000,0x00000000eaf80000,0x00000000eee80000)
 ParOldGen       total 139264K, used 110362K [0x00000000a0000000, 0x00000000a8800000, 0x00000000e0000000)
  object space 139264K, 79% used [0x00000000a0000000,0x00000000a6bc6860,0x00000000a8800000)
 Metaspace       used 77906K, capacity 83076K, committed 83160K, reserved 1122304K
  class space    used 9978K, capacity 10939K, committed 11008K, reserved 1048576K
}
Event: 1656,403 GC heap before
{Heap before GC invocations=65 (full 3):
 PSYoungGen      total 143872K, used 143850K [0x00000000e0000000, 0x00000000eee80000, 0x0000000100000000)
  eden space 98304K, 100% used [0x00000000e0000000,0x00000000e6000000,0x00000000e6000000)
  from space 45568K, 99% used [0x00000000e6000000,0x00000000e8c7ab40,0x00000000e8c80000)
  to   space 64512K, 0% used [0x00000000eaf80000,0x00000000eaf80000,0x00000000eee80000)
 ParOldGen       total 139264K, used 110362K [0x00000000a0000000, 0x00000000a8800000, 0x00000000e0000000)
  object space 139264K, 79% used [0x00000000a0000000,0x00000000a6bc6860,0x00000000a8800000)
 Metaspace       used 79080K, capacity 84318K, committed 84440K, reserved 1122304K
  class space    used 10170K, capacity 11150K, committed 11264K, reserved 1048576K
Event: 1656,557 GC heap after
Heap after GC invocations=65 (full 3):
 PSYoungGen      total 155648K, used 64492K [0x00000000e0000000, 0x00000000f1e80000, 0x0000000100000000)
  eden space 91136K, 0% used [0x00000000e0000000,0x00000000e0000000,0x00000000e5900000)
  from space 64512K, 99% used [0x00000000eaf80000,0x00000000eee7b090,0x00000000eee80000)
  to   space 88576K, 0% used [0x00000000e5900000,0x00000000e5900000,0x00000000eaf80000)
 ParOldGen       total 145920K, used 145447K [0x00000000a0000000, 0x00000000a8e80000, 0x00000000e0000000)
  object space 145920K, 99% used [0x00000000a0000000,0x00000000a8e09cd0,0x00000000a8e80000)
 Metaspace       used 79080K, capacity 84318K, committed 84440K, reserved 1122304K
  class space    used 10170K, capacity 11150K, committed 11264K, reserved 1048576K
}
Event: 1656,558 GC heap before
{Heap before GC invocations=66 (full 4):
 PSYoungGen      total 155648K, used 64492K [0x00000000e0000000, 0x00000000f1e80000, 0x0000000100000000)
  eden space 91136K, 0% used [0x00000000e0000000,0x00000000e0000000,0x00000000e5900000)
  from space 64512K, 99% used [0x00000000eaf80000,0x00000000eee7b090,0x00000000eee80000)
  to   space 88576K, 0% used [0x00000000e5900000,0x00000000e5900000,0x00000000eaf80000)
 ParOldGen       total 145920K, used 145447K [0x00000000a0000000, 0x00000000a8e80000, 0x00000000e0000000)
  object space 145920K, 99% used [0x00000000a0000000,0x00000000a8e09cd0,0x00000000a8e80000)
 Metaspace       used 79080K, capacity 84318K, committed 84440K, reserved 1122304K
  class space    used 10170K, capacity 11150K, committed 11264K, reserved 1048576K

